<?xml version="1.0" encoding="UTF-8"?>
<!-- Generated by org.testng.reporters.JUnitReportReporter -->
<testsuite hostname="DESKTOP-6NV1QN2" failures="0" tests="1" name="testCases.LoginTestCase" time="1.653" errors="0" timestamp="2024-10-01T13:45:18 IST" skipped="0">
  <testcase classname="testCases.LoginTestCase" name="verify_login" time="1.653"/>
</testsuite> <!-- testCases.LoginTestCase -->
