<?xml version="1.0" encoding="UTF-8"?>
<!-- Generated by org.testng.reporters.JUnitReportReporter -->
<testsuite hostname="DESKTOP-6NV1QN2" failures="0" tests="1" name="testCases.LoginTestCase" time="1.503" errors="0" timestamp="2024-10-01T18:53:28 IST" skipped="0">
  <testcase classname="testCases.LoginTestCase" name="verify_login" time="1.503"/>
</testsuite> <!-- testCases.LoginTestCase -->
